#
# There is insufficient memory for the Java Runtime Environment to continue.
# Native memory allocation (malloc) failed to allocate 32744 bytes for Chunk::new
# Possible reasons:
#   The system is out of physical RAM or swap space
#   The process is running with CompressedOops enabled, and the Java Heap may be blocking the growth of the native heap
# Possible solutions:
#   Reduce memory load on the system
#   Increase physical memory or swap space
#   Check if swap backing store is full
#   Decrease Java heap size (-Xmx/-Xms)
#   Decrease number of Java threads
#   Decrease Java thread stack sizes (-Xss)
#   Set larger code cache with -XX:ReservedCodeCacheSize=
#   JVM is running with Unscaled Compressed Oops mode in which the Java heap is
#     placed in the first 4GB address space. The Java Heap base address is the
#     maximum limit for the native heap growth. Please use -XX:HeapBaseMinAddress
#     to set the Java Heap base and to place the Java Heap above 4GB virtual address.
# This output file may be truncated or incomplete.
#
#  Out of Memory Error (arena.cpp:184), pid=9952, tid=7104
#
# JRE version: Java(TM) SE Runtime Environment (18.0.1.1+2) (build 18.0.1.1+2-6)
# Java VM: Java HotSpot(TM) 64-Bit Server VM (18.0.1.1+2-6, mixed mode, sharing, tiered, compressed oops, compressed class ptrs, g1 gc, windows-amd64)
# No core dump will be written. Minidumps are not enabled by default on client versions of Windows
#

---------------  S U M M A R Y ------------

Command Line: c:\Users\modug\.vscode\extensions\salesforce.salesforce-vscode-slds-1.4.8\lsp-0.0.13-executable.jar --PORT=55431

Host: Intel(R) Core(TM) i5-10500H CPU @ 2.50GHz, 12 cores, 7G,  Windows 11 , 64 bit Build 22621 (10.0.22621.1778)
Time: Thu Jun 29 17:15:58 2023 India Standard Time elapsed time: 0.309260 seconds (0d 0h 0m 0s)

---------------  T H R E A D  ---------------

Current thread (0x0000019eb435cd90):  JavaThread "C1 CompilerThread0" daemon [_thread_in_native, id=7104, stack(0x0000009000400000,0x0000009000500000)]


Current CompileTask:
C1:    309  164       3       jdk.internal.org.objectweb.asm.Frame::execute (2305 bytes)

Stack: [0x0000009000400000,0x0000009000500000]
Native frames: (J=compiled Java code, j=interpreted, Vv=VM code, C=native code)
V  [jvm.dll+0x69887a]
V  [jvm.dll+0x7f38bd]
V  [jvm.dll+0x7f51ce]
V  [jvm.dll+0x7f5883]
V  [jvm.dll+0x25ca3f]
V  [jvm.dll+0xb8c2f]
V  [jvm.dll+0xb8fa5]
V  [jvm.dll+0x190a4f]
V  [jvm.dll+0x18f63b]
V  [jvm.dll+0x148df3]
V  [jvm.dll+0x1486cf]
V  [jvm.dll+0x148926]
V  [jvm.dll+0x147d9a]
V  [jvm.dll+0x149a81]
V  [jvm.dll+0x23e8ca]
V  [jvm.dll+0x23cbb5]
V  [jvm.dll+0x7a5fb1]
V  [jvm.dll+0x7a03ea]
V  [jvm.dll+0x697725]
C  [ucrtbase.dll+0x29363]
C  [KERNEL32.DLL+0x126ad]
C  [ntdll.dll+0x5a9f8]


---------------  P R O C E S S  ---------------

Threads class SMR info:
_java_thread_list=0x0000019eb85901e0, length=12, elements={
0x0000019e95e3e700, 0x0000019eb4335800, 0x0000019eb4336940, 0x0000019eb4352ac0,
0x0000019eb4353460, 0x0000019eb43545a0, 0x0000019eb43556e0, 0x0000019eb435bc10,
0x0000019eb435cd90, 0x0000019eb4366e60, 0x0000019eb85ac530, 0x0000019eb85b3650
}

Java Threads: ( => current thread )
  0x0000019e95e3e700 JavaThread "main" [_thread_in_vm, id=9984, stack(0x000000907f600000,0x000000907f700000)]
  0x0000019eb4335800 JavaThread "Reference Handler" daemon [_thread_blocked, id=19364, stack(0x000000907fd00000,0x000000907fe00000)]
  0x0000019eb4336940 JavaThread "Finalizer" daemon [_thread_blocked, id=16656, stack(0x000000907fe00000,0x000000907ff00000)]
  0x0000019eb4352ac0 JavaThread "Signal Dispatcher" daemon [_thread_blocked, id=19228, stack(0x000000907ff00000,0x0000009080000000)]
  0x0000019eb4353460 JavaThread "Attach Listener" daemon [_thread_blocked, id=18048, stack(0x0000009000000000,0x0000009000100000)]
  0x0000019eb43545a0 JavaThread "Service Thread" daemon [_thread_blocked, id=2156, stack(0x0000009000100000,0x0000009000200000)]
  0x0000019eb43556e0 JavaThread "Monitor Deflation Thread" daemon [_thread_blocked, id=2652, stack(0x0000009000200000,0x0000009000300000)]
  0x0000019eb435bc10 JavaThread "C2 CompilerThread0" daemon [_thread_blocked, id=16280, stack(0x0000009000300000,0x0000009000400000)]
=>0x0000019eb435cd90 JavaThread "C1 CompilerThread0" daemon [_thread_in_native, id=7104, stack(0x0000009000400000,0x0000009000500000)]
  0x0000019eb4366e60 JavaThread "Sweeper thread" daemon [_thread_blocked, id=7276, stack(0x0000009000500000,0x0000009000600000)]
  0x0000019eb85ac530 JavaThread "Notification Thread" daemon [_thread_blocked, id=17732, stack(0x0000009000600000,0x0000009000700000)]
  0x0000019eb85b3650 JavaThread "Common-Cleaner" daemon [_thread_blocked, id=12372, stack(0x0000009000800000,0x0000009000900000)]

Other Threads:
  0x0000019e95eb8040 VMThread "VM Thread" [stack: 0x000000907fc00000,0x000000907fd00000] [id=13936]
  0x0000019eb85b2e20 WatcherThread "VM Periodic Task Thread" [stack: 0x0000009000700000,0x0000009000800000] [id=4616]
  0x0000019e95e9da30 WorkerThread "GC Thread#0" [stack: 0x000000907f700000,0x000000907f800000] [id=17648]
  0x0000019e95eae540 ConcurrentGCThread "G1 Main Marker" [stack: 0x000000907f800000,0x000000907f900000] [id=4436]
  0x0000019e95eaf6d0 WorkerThread "G1 Conc#0" [stack: 0x000000907f900000,0x000000907fa00000] [id=18728]
  0x0000019e95efe500 ConcurrentGCThread "G1 Refine#0" [stack: 0x000000907fa00000,0x000000907fb00000] [id=10648]
  0x0000019e95efecb0 ConcurrentGCThread "G1 Service" [stack: 0x000000907fb00000,0x000000907fc00000] [id=3464]

Threads with active compile tasks:
C1 CompilerThread0      365  164       3       jdk.internal.org.objectweb.asm.Frame::execute (2305 bytes)

VM state: not at safepoint (normal execution)

VM Mutex/Monitor currently owned by a thread: None

Heap address: 0x0000000082c00000, size: 2004 MB, Compressed Oops mode: 32-bit

CDS archive(s) mapped at: [0x0000000800000000-0x0000000800ba0000-0x0000000800ba0000), size 12189696, SharedBaseAddress: 0x0000000800000000, ArchiveRelocationMode: 0.
Compressed class space mapped at: 0x0000000800c00000-0x0000000840c00000, reserved size: 1073741824
Narrow klass base: 0x0000000800000000, Narrow klass shift: 0, Narrow klass range: 0x100000000

GC Precious Log:
 CardTable entry size: 512
 Card Set container configuration: InlinePtr #cards 5 size 8 Array Of Cards #cards 12 size 40 Howl #buckets 4 coarsen threshold 1843 Howl Bitmap #cards 512 size 80 coarsen threshold 460 Card regions per heap region 1 cards per card region 2048
 CPUs: 12 total, 12 available
 Memory: 8013M
 Large Page Support: Disabled
 NUMA Support: Disabled
 Compressed Oops: Enabled (32-bit)
 Heap Region Size: 1M
 Heap Min Capacity: 8M
 Heap Initial Capacity: 126M
 Heap Max Capacity: 2004M
 Pre-touch: Disabled
 Parallel Workers: 10
 Concurrent Workers: 3
 Concurrent Refinement Workers: 10
 Periodic GC: Disabled

Heap:
 garbage-first heap   total 129024K, used 2048K [0x0000000082c00000, 0x0000000100000000)
  region size 1024K, 3 young (3072K), 0 survivors (0K)
 Metaspace       used 787K, committed 896K, reserved 1114112K
  class space    used 81K, committed 128K, reserved 1048576K

Heap Regions: E=young(eden), S=young(survivor), O=old, HS=humongous(starts), HC=humongous(continues), CS=collection set, F=free, OA=open archive, CA=closed archive, TAMS=top-at-mark-start (previous, next)
|   0|0x0000000082c00000, 0x0000000082c00000, 0x0000000082d00000|  0%| F|  |TAMS 0x0000000082c00000, 0x0000000082c00000| Untracked 
|   1|0x0000000082d00000, 0x0000000082d00000, 0x0000000082e00000|  0%| F|  |TAMS 0x0000000082d00000, 0x0000000082d00000| Untracked 
|   2|0x0000000082e00000, 0x0000000082e00000, 0x0000000082f00000|  0%| F|  |TAMS 0x0000000082e00000, 0x0000000082e00000| Untracked 
|   3|0x0000000082f00000, 0x0000000082f00000, 0x0000000083000000|  0%| F|  |TAMS 0x0000000082f00000, 0x0000000082f00000| Untracked 
|   4|0x0000000083000000, 0x0000000083000000, 0x0000000083100000|  0%| F|  |TAMS 0x0000000083000000, 0x0000000083000000| Untracked 
|   5|0x0000000083100000, 0x0000000083100000, 0x0000000083200000|  0%| F|  |TAMS 0x0000000083100000, 0x0000000083100000| Untracked 
|   6|0x0000000083200000, 0x0000000083200000, 0x0000000083300000|  0%| F|  |TAMS 0x0000000083200000, 0x0000000083200000| Untracked 
|   7|0x0000000083300000, 0x0000000083300000, 0x0000000083400000|  0%| F|  |TAMS 0x0000000083300000, 0x0000000083300000| Untracked 
|   8|0x0000000083400000, 0x0000000083400000, 0x0000000083500000|  0%| F|  |TAMS 0x0000000083400000, 0x0000000083400000| Untracked 
|   9|0x0000000083500000, 0x0000000083500000, 0x0000000083600000|  0%| F|  |TAMS 0x0000000083500000, 0x0000000083500000| Untracked 
|  10|0x0000000083600000, 0x0000000083600000, 0x0000000083700000|  0%| F|  |TAMS 0x0000000083600000, 0x0000000083600000| Untracked 
|  11|0x0000000083700000, 0x0000000083700000, 0x0000000083800000|  0%| F|  |TAMS 0x0000000083700000, 0x0000000083700000| Untracked 
|  12|0x0000000083800000, 0x0000000083800000, 0x0000000083900000|  0%| F|  |TAMS 0x0000000083800000, 0x0000000083800000| Untracked 
|  13|0x0000000083900000, 0x0000000083900000, 0x0000000083a00000|  0%| F|  |TAMS 0x0000000083900000, 0x0000000083900000| Untracked 
|  14|0x0000000083a00000, 0x0000000083a00000, 0x0000000083b00000|  0%| F|  |TAMS 0x0000000083a00000, 0x0000000083a00000| Untracked 
|  15|0x0000000083b00000, 0x0000000083b00000, 0x0000000083c00000|  0%| F|  |TAMS 0x0000000083b00000, 0x0000000083b00000| Untracked 
|  16|0x0000000083c00000, 0x0000000083c00000, 0x0000000083d00000|  0%| F|  |TAMS 0x0000000083c00000, 0x0000000083c00000| Untracked 
|  17|0x0000000083d00000, 0x0000000083d00000, 0x0000000083e00000|  0%| F|  |TAMS 0x0000000083d00000, 0x0000000083d00000| Untracked 
|  18|0x0000000083e00000, 0x0000000083e00000, 0x0000000083f00000|  0%| F|  |TAMS 0x0000000083e00000, 0x0000000083e00000| Untracked 
|  19|0x0000000083f00000, 0x0000000083f00000, 0x0000000084000000|  0%| F|  |TAMS 0x0000000083f00000, 0x0000000083f00000| Untracked 
|  20|0x0000000084000000, 0x0000000084000000, 0x0000000084100000|  0%| F|  |TAMS 0x0000000084000000, 0x0000000084000000| Untracked 
|  21|0x0000000084100000, 0x0000000084100000, 0x0000000084200000|  0%| F|  |TAMS 0x0000000084100000, 0x0000000084100000| Untracked 
|  22|0x0000000084200000, 0x0000000084200000, 0x0000000084300000|  0%| F|  |TAMS 0x0000000084200000, 0x0000000084200000| Untracked 
|  23|0x0000000084300000, 0x0000000084300000, 0x0000000084400000|  0%| F|  |TAMS 0x0000000084300000, 0x0000000084300000| Untracked 
|  24|0x0000000084400000, 0x0000000084400000, 0x0000000084500000|  0%| F|  |TAMS 0x0000000084400000, 0x0000000084400000| Untracked 
|  25|0x0000000084500000, 0x0000000084500000, 0x0000000084600000|  0%| F|  |TAMS 0x0000000084500000, 0x0000000084500000| Untracked 
|  26|0x0000000084600000, 0x0000000084600000, 0x0000000084700000|  0%| F|  |TAMS 0x0000000084600000, 0x0000000084600000| Untracked 
|  27|0x0000000084700000, 0x0000000084700000, 0x0000000084800000|  0%| F|  |TAMS 0x0000000084700000, 0x0000000084700000| Untracked 
|  28|0x0000000084800000, 0x0000000084800000, 0x0000000084900000|  0%| F|  |TAMS 0x0000000084800000, 0x0000000084800000| Untracked 
|  29|0x0000000084900000, 0x0000000084900000, 0x0000000084a00000|  0%| F|  |TAMS 0x0000000084900000, 0x0000000084900000| Untracked 
|  30|0x0000000084a00000, 0x0000000084a00000, 0x0000000084b00000|  0%| F|  |TAMS 0x0000000084a00000, 0x0000000084a00000| Untracked 
|  31|0x0000000084b00000, 0x0000000084b00000, 0x0000000084c00000|  0%| F|  |TAMS 0x0000000084b00000, 0x0000000084b00000| Untracked 
|  32|0x0000000084c00000, 0x0000000084c00000, 0x0000000084d00000|  0%| F|  |TAMS 0x0000000084c00000, 0x0000000084c00000| Untracked 
|  33|0x0000000084d00000, 0x0000000084d00000, 0x0000000084e00000|  0%| F|  |TAMS 0x0000000084d00000, 0x0000000084d00000| Untracked 
|  34|0x0000000084e00000, 0x0000000084e00000, 0x0000000084f00000|  0%| F|  |TAMS 0x0000000084e00000, 0x0000000084e00000| Untracked 
|  35|0x0000000084f00000, 0x0000000084f00000, 0x0000000085000000|  0%| F|  |TAMS 0x0000000084f00000, 0x0000000084f00000| Untracked 
|  36|0x0000000085000000, 0x0000000085000000, 0x0000000085100000|  0%| F|  |TAMS 0x0000000085000000, 0x0000000085000000| Untracked 
|  37|0x0000000085100000, 0x0000000085100000, 0x0000000085200000|  0%| F|  |TAMS 0x0000000085100000, 0x0000000085100000| Untracked 
|  38|0x0000000085200000, 0x0000000085200000, 0x0000000085300000|  0%| F|  |TAMS 0x0000000085200000, 0x0000000085200000| Untracked 
|  39|0x0000000085300000, 0x0000000085300000, 0x0000000085400000|  0%| F|  |TAMS 0x0000000085300000, 0x0000000085300000| Untracked 
|  40|0x0000000085400000, 0x0000000085400000, 0x0000000085500000|  0%| F|  |TAMS 0x0000000085400000, 0x0000000085400000| Untracked 
|  41|0x0000000085500000, 0x0000000085500000, 0x0000000085600000|  0%| F|  |TAMS 0x0000000085500000, 0x0000000085500000| Untracked 
|  42|0x0000000085600000, 0x0000000085600000, 0x0000000085700000|  0%| F|  |TAMS 0x0000000085600000, 0x0000000085600000| Untracked 
|  43|0x0000000085700000, 0x0000000085700000, 0x0000000085800000|  0%| F|  |TAMS 0x0000000085700000, 0x0000000085700000| Untracked 
|  44|0x0000000085800000, 0x0000000085800000, 0x0000000085900000|  0%| F|  |TAMS 0x0000000085800000, 0x0000000085800000| Untracked 
|  45|0x0000000085900000, 0x0000000085900000, 0x0000000085a00000|  0%| F|  |TAMS 0x0000000085900000, 0x0000000085900000| Untracked 
|  46|0x0000000085a00000, 0x0000000085a00000, 0x0000000085b00000|  0%| F|  |TAMS 0x0000000085a00000, 0x0000000085a00000| Untracked 
|  47|0x0000000085b00000, 0x0000000085b00000, 0x0000000085c00000|  0%| F|  |TAMS 0x0000000085b00000, 0x0000000085b00000| Untracked 
|  48|0x0000000085c00000, 0x0000000085c00000, 0x0000000085d00000|  0%| F|  |TAMS 0x0000000085c00000, 0x0000000085c00000| Untracked 
|  49|0x0000000085d00000, 0x0000000085d00000, 0x0000000085e00000|  0%| F|  |TAMS 0x0000000085d00000, 0x0000000085d00000| Untracked 
|  50|0x0000000085e00000, 0x0000000085e00000, 0x0000000085f00000|  0%| F|  |TAMS 0x0000000085e00000, 0x0000000085e00000| Untracked 
|  51|0x0000000085f00000, 0x0000000085f00000, 0x0000000086000000|  0%| F|  |TAMS 0x0000000085f00000, 0x0000000085f00000| Untracked 
|  52|0x0000000086000000, 0x0000000086000000, 0x0000000086100000|  0%| F|  |TAMS 0x0000000086000000, 0x0000000086000000| Untracked 
|  53|0x0000000086100000, 0x0000000086100000, 0x0000000086200000|  0%| F|  |TAMS 0x0000000086100000, 0x0000000086100000| Untracked 
|  54|0x0000000086200000, 0x0000000086200000, 0x0000000086300000|  0%| F|  |TAMS 0x0000000086200000, 0x0000000086200000| Untracked 
|  55|0x0000000086300000, 0x0000000086300000, 0x0000000086400000|  0%| F|  |TAMS 0x0000000086300000, 0x0000000086300000| Untracked 
|  56|0x0000000086400000, 0x0000000086400000, 0x0000000086500000|  0%| F|  |TAMS 0x0000000086400000, 0x0000000086400000| Untracked 
|  57|0x0000000086500000, 0x0000000086500000, 0x0000000086600000|  0%| F|  |TAMS 0x0000000086500000, 0x0000000086500000| Untracked 
|  58|0x0000000086600000, 0x0000000086600000, 0x0000000086700000|  0%| F|  |TAMS 0x0000000086600000, 0x0000000086600000| Untracked 
|  59|0x0000000086700000, 0x0000000086700000, 0x0000000086800000|  0%| F|  |TAMS 0x0000000086700000, 0x0000000086700000| Untracked 
|  60|0x0000000086800000, 0x0000000086800000, 0x0000000086900000|  0%| F|  |TAMS 0x0000000086800000, 0x0000000086800000| Untracked 
|  61|0x0000000086900000, 0x0000000086900000, 0x0000000086a00000|  0%| F|  |TAMS 0x0000000086900000, 0x0000000086900000| Untracked 
|  62|0x0000000086a00000, 0x0000000086a00000, 0x0000000086b00000|  0%| F|  |TAMS 0x0000000086a00000, 0x0000000086a00000| Untracked 
|  63|0x0000000086b00000, 0x0000000086b00000, 0x0000000086c00000|  0%| F|  |TAMS 0x0000000086b00000, 0x0000000086b00000| Untracked 
|  64|0x0000000086c00000, 0x0000000086c00000, 0x0000000086d00000|  0%| F|  |TAMS 0x0000000086c00000, 0x0000000086c00000| Untracked 
|  65|0x0000000086d00000, 0x0000000086d00000, 0x0000000086e00000|  0%| F|  |TAMS 0x0000000086d00000, 0x0000000086d00000| Untracked 
|  66|0x0000000086e00000, 0x0000000086e00000, 0x0000000086f00000|  0%| F|  |TAMS 0x0000000086e00000, 0x0000000086e00000| Untracked 
|  67|0x0000000086f00000, 0x0000000086f00000, 0x0000000087000000|  0%| F|  |TAMS 0x0000000086f00000, 0x0000000086f00000| Untracked 
|  68|0x0000000087000000, 0x0000000087000000, 0x0000000087100000|  0%| F|  |TAMS 0x0000000087000000, 0x0000000087000000| Untracked 
|  69|0x0000000087100000, 0x0000000087100000, 0x0000000087200000|  0%| F|  |TAMS 0x0000000087100000, 0x0000000087100000| Untracked 
|  70|0x0000000087200000, 0x0000000087200000, 0x0000000087300000|  0%| F|  |TAMS 0x0000000087200000, 0x0000000087200000| Untracked 
|  71|0x0000000087300000, 0x0000000087300000, 0x0000000087400000|  0%| F|  |TAMS 0x0000000087300000, 0x0000000087300000| Untracked 
|  72|0x0000000087400000, 0x0000000087400000, 0x0000000087500000|  0%| F|  |TAMS 0x0000000087400000, 0x0000000087400000| Untracked 
|  73|0x0000000087500000, 0x0000000087500000, 0x0000000087600000|  0%| F|  |TAMS 0x0000000087500000, 0x0000000087500000| Untracked 
|  74|0x0000000087600000, 0x0000000087600000, 0x0000000087700000|  0%| F|  |TAMS 0x0000000087600000, 0x0000000087600000| Untracked 
|  75|0x0000000087700000, 0x0000000087700000, 0x0000000087800000|  0%| F|  |TAMS 0x0000000087700000, 0x0000000087700000| Untracked 
|  76|0x0000000087800000, 0x0000000087800000, 0x0000000087900000|  0%| F|  |TAMS 0x0000000087800000, 0x0000000087800000| Untracked 
|  77|0x0000000087900000, 0x0000000087900000, 0x0000000087a00000|  0%| F|  |TAMS 0x0000000087900000, 0x0000000087900000| Untracked 
|  78|0x0000000087a00000, 0x0000000087a00000, 0x0000000087b00000|  0%| F|  |TAMS 0x0000000087a00000, 0x0000000087a00000| Untracked 
|  79|0x0000000087b00000, 0x0000000087b00000, 0x0000000087c00000|  0%| F|  |TAMS 0x0000000087b00000, 0x0000000087b00000| Untracked 
|  80|0x0000000087c00000, 0x0000000087c00000, 0x0000000087d00000|  0%| F|  |TAMS 0x0000000087c00000, 0x0000000087c00000| Untracked 
|  81|0x0000000087d00000, 0x0000000087d00000, 0x0000000087e00000|  0%| F|  |TAMS 0x0000000087d00000, 0x0000000087d00000| Untracked 
|  82|0x0000000087e00000, 0x0000000087e00000, 0x0000000087f00000|  0%| F|  |TAMS 0x0000000087e00000, 0x0000000087e00000| Untracked 
|  83|0x0000000087f00000, 0x0000000087f00000, 0x0000000088000000|  0%| F|  |TAMS 0x0000000087f00000, 0x0000000087f00000| Untracked 
|  84|0x0000000088000000, 0x0000000088000000, 0x0000000088100000|  0%| F|  |TAMS 0x0000000088000000, 0x0000000088000000| Untracked 
|  85|0x0000000088100000, 0x0000000088100000, 0x0000000088200000|  0%| F|  |TAMS 0x0000000088100000, 0x0000000088100000| Untracked 
|  86|0x0000000088200000, 0x0000000088200000, 0x0000000088300000|  0%| F|  |TAMS 0x0000000088200000, 0x0000000088200000| Untracked 
|  87|0x0000000088300000, 0x0000000088300000, 0x0000000088400000|  0%| F|  |TAMS 0x0000000088300000, 0x0000000088300000| Untracked 
|  88|0x0000000088400000, 0x0000000088400000, 0x0000000088500000|  0%| F|  |TAMS 0x0000000088400000, 0x0000000088400000| Untracked 
|  89|0x0000000088500000, 0x0000000088500000, 0x0000000088600000|  0%| F|  |TAMS 0x0000000088500000, 0x0000000088500000| Untracked 
|  90|0x0000000088600000, 0x0000000088600000, 0x0000000088700000|  0%| F|  |TAMS 0x0000000088600000, 0x0000000088600000| Untracked 
|  91|0x0000000088700000, 0x0000000088700000, 0x0000000088800000|  0%| F|  |TAMS 0x0000000088700000, 0x0000000088700000| Untracked 
|  92|0x0000000088800000, 0x0000000088800000, 0x0000000088900000|  0%| F|  |TAMS 0x0000000088800000, 0x0000000088800000| Untracked 
|  93|0x0000000088900000, 0x0000000088900000, 0x0000000088a00000|  0%| F|  |TAMS 0x0000000088900000, 0x0000000088900000| Untracked 
|  94|0x0000000088a00000, 0x0000000088a00000, 0x0000000088b00000|  0%| F|  |TAMS 0x0000000088a00000, 0x0000000088a00000| Untracked 
|  95|0x0000000088b00000, 0x0000000088b00000, 0x0000000088c00000|  0%| F|  |TAMS 0x0000000088b00000, 0x0000000088b00000| Untracked 
|  96|0x0000000088c00000, 0x0000000088c00000, 0x0000000088d00000|  0%| F|  |TAMS 0x0000000088c00000, 0x0000000088c00000| Untracked 
|  97|0x0000000088d00000, 0x0000000088d00000, 0x0000000088e00000|  0%| F|  |TAMS 0x0000000088d00000, 0x0000000088d00000| Untracked 
|  98|0x0000000088e00000, 0x0000000088e00000, 0x0000000088f00000|  0%| F|  |TAMS 0x0000000088e00000, 0x0000000088e00000| Untracked 
|  99|0x0000000088f00000, 0x0000000088f00000, 0x0000000089000000|  0%| F|  |TAMS 0x0000000088f00000, 0x0000000088f00000| Untracked 
| 100|0x0000000089000000, 0x0000000089000000, 0x0000000089100000|  0%| F|  |TAMS 0x0000000089000000, 0x0000000089000000| Untracked 
| 101|0x0000000089100000, 0x0000000089100000, 0x0000000089200000|  0%| F|  |TAMS 0x0000000089100000, 0x0000000089100000| Untracked 
| 102|0x0000000089200000, 0x0000000089200000, 0x0000000089300000|  0%| F|  |TAMS 0x0000000089200000, 0x0000000089200000| Untracked 
| 103|0x0000000089300000, 0x0000000089300000, 0x0000000089400000|  0%| F|  |TAMS 0x0000000089300000, 0x0000000089300000| Untracked 
| 104|0x0000000089400000, 0x0000000089400000, 0x0000000089500000|  0%| F|  |TAMS 0x0000000089400000, 0x0000000089400000| Untracked 
| 105|0x0000000089500000, 0x0000000089500000, 0x0000000089600000|  0%| F|  |TAMS 0x0000000089500000, 0x0000000089500000| Untracked 
| 106|0x0000000089600000, 0x0000000089600000, 0x0000000089700000|  0%| F|  |TAMS 0x0000000089600000, 0x0000000089600000| Untracked 
| 107|0x0000000089700000, 0x0000000089700000, 0x0000000089800000|  0%| F|  |TAMS 0x0000000089700000, 0x0000000089700000| Untracked 
| 108|0x0000000089800000, 0x0000000089800000, 0x0000000089900000|  0%| F|  |TAMS 0x0000000089800000, 0x0000000089800000| Untracked 
| 109|0x0000000089900000, 0x0000000089900000, 0x0000000089a00000|  0%| F|  |TAMS 0x0000000089900000, 0x0000000089900000| Untracked 
| 110|0x0000000089a00000, 0x0000000089a00000, 0x0000000089b00000|  0%| F|  |TAMS 0x0000000089a00000, 0x0000000089a00000| Untracked 
| 111|0x0000000089b00000, 0x0000000089b00000, 0x0000000089c00000|  0%| F|  |TAMS 0x0000000089b00000, 0x0000000089b00000| Untracked 
| 112|0x0000000089c00000, 0x0000000089c00000, 0x0000000089d00000|  0%| F|  |TAMS 0x0000000089c00000, 0x0000000089c00000| Untracked 
| 113|0x0000000089d00000, 0x0000000089d00000, 0x0000000089e00000|  0%| F|  |TAMS 0x0000000089d00000, 0x0000000089d00000| Untracked 
| 114|0x0000000089e00000, 0x0000000089e00000, 0x0000000089f00000|  0%| F|  |TAMS 0x0000000089e00000, 0x0000000089e00000| Untracked 
| 115|0x0000000089f00000, 0x0000000089f00000, 0x000000008a000000|  0%| F|  |TAMS 0x0000000089f00000, 0x0000000089f00000| Untracked 
| 116|0x000000008a000000, 0x000000008a000000, 0x000000008a100000|  0%| F|  |TAMS 0x000000008a000000, 0x000000008a000000| Untracked 
| 117|0x000000008a100000, 0x000000008a100000, 0x000000008a200000|  0%| F|  |TAMS 0x000000008a100000, 0x000000008a100000| Untracked 
| 118|0x000000008a200000, 0x000000008a200000, 0x000000008a300000|  0%| F|  |TAMS 0x000000008a200000, 0x000000008a200000| Untracked 
| 119|0x000000008a300000, 0x000000008a300000, 0x000000008a400000|  0%| F|  |TAMS 0x000000008a300000, 0x000000008a300000| Untracked 
| 120|0x000000008a400000, 0x000000008a400000, 0x000000008a500000|  0%| F|  |TAMS 0x000000008a400000, 0x000000008a400000| Untracked 
| 121|0x000000008a500000, 0x000000008a500000, 0x000000008a600000|  0%| F|  |TAMS 0x000000008a500000, 0x000000008a500000| Untracked 
| 122|0x000000008a600000, 0x000000008a600000, 0x000000008a700000|  0%| F|  |TAMS 0x000000008a600000, 0x000000008a600000| Untracked 
| 123|0x000000008a700000, 0x000000008a7ec478, 0x000000008a800000| 92%| E|  |TAMS 0x000000008a700000, 0x000000008a700000| Complete 
| 124|0x000000008a800000, 0x000000008a900000, 0x000000008a900000|100%| E|CS|TAMS 0x000000008a800000, 0x000000008a800000| Complete 
| 125|0x000000008a900000, 0x000000008aa00000, 0x000000008aa00000|100%| E|CS|TAMS 0x000000008a900000, 0x000000008a900000| Complete 

Card table byte_map: [0x0000019ead0b0000,0x0000019ead4a0000] _byte_map_base: 0x0000019eacc9a000

Marking Bits (Prev, Next): (CMBitMap*) 0x0000019e95e9e030, (CMBitMap*) 0x0000019e95e9e070
 Prev Bits: [0x0000019ead890000, 0x0000019eaf7e0000)
 Next Bits: [0x0000019eaf7e0000, 0x0000019eb1730000)

Polling page: 0x0000019e95600000

Metaspace:

Usage:
  Non-class:    726.77 KB used.
      Class:     85.70 KB used.
       Both:    812.48 KB used.

Virtual space:
  Non-class space:       64.00 MB reserved,     832.00 KB (  1%) committed,  1 nodes.
      Class space:        1.00 GB reserved,     128.00 KB ( <1%) committed,  1 nodes.
             Both:        1.06 GB reserved,     960.00 KB ( <1%) committed. 

Chunk freelists:
   Non-Class:  3.85 MB
       Class:  3.72 MB
        Both:  7.56 MB

MaxMetaspaceSize: unlimited
CompressedClassSpaceSize: 1.00 GB
Initial GC threshold: 21.00 MB
Current GC threshold: 21.00 MB
CDS: on
MetaspaceReclaimPolicy: balanced
 - commit_granule_bytes: 65536.
 - commit_granule_words: 8192.
 - virtual_space_node_default_size: 8388608.
 - enlarge_chunks_in_place: 1.
 - new_chunks_are_fully_committed: 0.
 - uncommit_free_chunks: 1.
 - use_allocation_guard: 0.


Internal statistics:

num_allocs_failed_limit: 0.
num_arena_births: 20.
num_arena_deaths: 0.
num_vsnodes_births: 2.
num_vsnodes_deaths: 0.
num_space_committed: 15.
num_space_uncommitted: 0.
num_chunks_returned_to_freelist: 0.
num_chunks_taken_from_freelist: 34.
num_chunk_merges: 0.
num_chunk_splits: 20.
num_chunks_enlarged: 15.
num_inconsistent_stats: 0.

CodeHeap 'non-profiled nmethods': size=120000Kb used=52Kb max_used=52Kb free=119947Kb
 bounds [0x0000019ea5240000, 0x0000019ea54b0000, 0x0000019eac770000]
CodeHeap 'profiled nmethods': size=120000Kb used=199Kb max_used=199Kb free=119800Kb
 bounds [0x0000019e9dd10000, 0x0000019e9df80000, 0x0000019ea5240000]
CodeHeap 'non-nmethods': size=5760Kb used=1123Kb max_used=1137Kb free=4636Kb
 bounds [0x0000019e9d770000, 0x0000019e9d9e0000, 0x0000019e9dd10000]
 total_blobs=570 nmethods=178 adapters=305
 compilation: enabled
              stopped_count=0, restarted_count=0
 full_count=0

Compilation events (20 events):
Event: 0.288 Thread 0x0000019eb435cd90 nmethod 149 0x0000019e9dd3d510 code [0x0000019e9dd3d6c0, 0x0000019e9dd3d8c8]
Event: 0.288 Thread 0x0000019eb435cd90  150       1       java.lang.reflect.Method::getName (5 bytes)
Event: 0.288 Thread 0x0000019eb435cd90 nmethod 150 0x0000019ea5248e90 code [0x0000019ea5249020, 0x0000019ea52490f8]
Event: 0.288 Thread 0x0000019eb435cd90  151       3       java.lang.invoke.MethodType::<init> (15 bytes)
Event: 0.289 Thread 0x0000019eb435cd90 nmethod 151 0x0000019e9dd3da10 code [0x0000019e9dd3dbc0, 0x0000019e9dd3ddd8]
Event: 0.289 Thread 0x0000019eb435cd90  152       3       java.lang.invoke.MethodType::makeImpl (109 bytes)
Event: 0.291 Thread 0x0000019eb435cd90 nmethod 152 0x0000019e9dd3de90 code [0x0000019e9dd3e140, 0x0000019e9dd3ef58]
Event: 0.291 Thread 0x0000019eb435cd90  153       3       java.lang.invoke.MethodType$ConcurrentWeakInternSet::get (47 bytes)
Event: 0.292 Thread 0x0000019eb435cd90 nmethod 153 0x0000019e9dd3f390 code [0x0000019e9dd3f5c0, 0x0000019e9dd3ff18]
Event: 0.292 Thread 0x0000019eb435cd90  157       1       java.lang.invoke.MethodHandle::type (5 bytes)
Event: 0.292 Thread 0x0000019eb435cd90 nmethod 157 0x0000019ea5249d90 code [0x0000019ea5249f20, 0x0000019ea5249ff8]
Event: 0.292 Thread 0x0000019eb435cd90  159       3       java.lang.invoke.MethodType::parameterType (7 bytes)
Event: 0.292 Thread 0x0000019eb435cd90 nmethod 159 0x0000019e9dd40290 code [0x0000019e9dd40420, 0x0000019e9dd40558]
Event: 0.294 Thread 0x0000019eb435cd90  160       3       jdk.internal.org.objectweb.asm.SymbolTable::put (150 bytes)
Event: 0.295 Thread 0x0000019eb435cd90 nmethod 160 0x0000019e9dd40610 code [0x0000019e9dd40800, 0x0000019e9dd41098]
Event: 0.296 Thread 0x0000019eb435cd90  162       3       java.util.HashMap::put (13 bytes)
Event: 0.296 Thread 0x0000019eb435cd90 nmethod 162 0x0000019e9dd41390 code [0x0000019e9dd41540, 0x0000019e9dd41838]
Event: 0.296 Thread 0x0000019eb435cd90  163       3       java.util.AbstractSet::<init> (5 bytes)
Event: 0.297 Thread 0x0000019eb435cd90 nmethod 163 0x0000019e9dd41990 code [0x0000019e9dd41b40, 0x0000019e9dd41cf8]
Event: 0.297 Thread 0x0000019eb435cd90  164       3       jdk.internal.org.objectweb.asm.Frame::execute (2305 bytes)

GC Heap History (0 events):
No events

Deoptimization events (0 events):
No events

Classes loaded (20 events):
Event: 0.269 Loading class java/lang/WeakPairMap$Pair$Weak
Event: 0.270 Loading class java/lang/WeakPairMap$WeakRefPeer
Event: 0.270 Loading class java/lang/WeakPairMap$WeakRefPeer done
Event: 0.270 Loading class java/lang/WeakPairMap$Pair$Weak done
Event: 0.270 Loading class java/lang/WeakPairMap$Pair$Weak$1
Event: 0.270 Loading class java/lang/WeakPairMap$Pair$Weak$1 done
Event: 0.277 Loading class java/lang/reflect/ProxyGenerator
Event: 0.277 Loading class java/lang/reflect/ProxyGenerator done
Event: 0.277 Loading class java/lang/reflect/ProxyGenerator$ProxyMethod
Event: 0.278 Loading class java/lang/reflect/ProxyGenerator$ProxyMethod done
Event: 0.278 Loading class java/lang/InterruptedException
Event: 0.278 Loading class java/lang/InterruptedException done
Event: 0.283 Loading class java/lang/reflect/ProxyGenerator$PrimitiveTypeInfo
Event: 0.283 Loading class java/lang/reflect/ProxyGenerator$PrimitiveTypeInfo done
Event: 0.284 Loading class jdk/internal/org/objectweb/asm/Edge
Event: 0.284 Loading class jdk/internal/org/objectweb/asm/Edge done
Event: 0.288 Loading class java/lang/reflect/Proxy$ProxyBuilder$1
Event: 0.288 Loading class java/lang/reflect/Proxy$ProxyBuilder$1 done
Event: 0.295 Loading class java/lang/annotation/Target
Event: 0.295 Loading class java/lang/annotation/Target done

Classes unloaded (0 events):
No events

Classes redefined (0 events):
No events

Internal exceptions (1 events):
Event: 0.302 Thread 0x0000019e95e3e700 Exception <a 'java/lang/NoSuchMethodError'{0x000000008a8f13e0}: 'int java.lang.invoke.DirectMethodHandle$Holder.invokeSpecial(java.lang.Object, java.lang.Object, java.lang.Object)'> (0x000000008a8f13e0) 
thrown [s\open\src\hotspot\share\interpreter\linkResolver.cpp, line 766]

VM Operations (2 events):
Event: 0.197 Executing VM operation: HandshakeAllThreads
Event: 0.197 Executing VM operation: HandshakeAllThreads done

Events (17 events):
Event: 0.024 Loaded shared library C:\Program Files\Java\jdk-18.0.1.1\bin\java.dll
Event: 0.064 Loaded shared library C:\Program Files\Java\jdk-18.0.1.1\bin\jsvml.dll
Event: 0.065 Thread 0x0000019e95e3e700 Thread added: 0x0000019e95e3e700
Event: 0.075 Thread 0x0000019eb4335800 Thread added: 0x0000019eb4335800
Event: 0.076 Thread 0x0000019eb4336940 Thread added: 0x0000019eb4336940
Event: 0.111 Thread 0x0000019eb4352ac0 Thread added: 0x0000019eb4352ac0
Event: 0.111 Thread 0x0000019eb4353460 Thread added: 0x0000019eb4353460
Event: 0.111 Thread 0x0000019eb43545a0 Thread added: 0x0000019eb43545a0
Event: 0.112 Thread 0x0000019eb43556e0 Thread added: 0x0000019eb43556e0
Event: 0.112 Thread 0x0000019eb435bc10 Thread added: 0x0000019eb435bc10
Event: 0.112 Thread 0x0000019eb435cd90 Thread added: 0x0000019eb435cd90
Event: 0.113 Thread 0x0000019eb4366e60 Thread added: 0x0000019eb4366e60
Event: 0.165 Thread 0x0000019eb85ac530 Thread added: 0x0000019eb85ac530
Event: 0.171 Thread 0x0000019eb85b3650 Thread added: 0x0000019eb85b3650
Event: 0.180 Loaded shared library C:\Program Files\Java\jdk-18.0.1.1\bin\net.dll
Event: 0.184 Loaded shared library C:\Program Files\Java\jdk-18.0.1.1\bin\nio.dll
Event: 0.195 Loaded shared library C:\Program Files\Java\jdk-18.0.1.1\bin\zip.dll


Dynamic libraries:
0x00007ff6b49a0000 - 0x00007ff6b49b0000 	C:\Program Files\Java\jdk-18.0.1.1\bin\java.exe
0x00007ffcedc50000 - 0x00007ffcede64000 	C:\WINDOWS\SYSTEM32\ntdll.dll
0x00007ffced1e0000 - 0x00007ffced2a2000 	C:\WINDOWS\System32\KERNEL32.DLL
0x00007ffceb650000 - 0x00007ffceb9f3000 	C:\WINDOWS\System32\KERNELBASE.dll
0x00007ffceb260000 - 0x00007ffceb371000 	C:\WINDOWS\System32\ucrtbase.dll
0x00007ffcda500000 - 0x00007ffcda518000 	C:\Program Files\Java\jdk-18.0.1.1\bin\jli.dll
0x00007ffcda4e0000 - 0x00007ffcda4fa000 	C:\Program Files\Java\jdk-18.0.1.1\bin\VCRUNTIME140.dll
0x00007ffcec450000 - 0x00007ffcec4fe000 	C:\WINDOWS\System32\ADVAPI32.dll
0x00007ffced2b0000 - 0x00007ffced357000 	C:\WINDOWS\System32\msvcrt.dll
0x00007ffcec3a0000 - 0x00007ffcec444000 	C:\WINDOWS\System32\sechost.dll
0x00007ffcec560000 - 0x00007ffcec677000 	C:\WINDOWS\System32\RPCRT4.dll
0x00007ffcebff0000 - 0x00007ffcec19b000 	C:\WINDOWS\System32\USER32.dll
0x00007ffceba00000 - 0x00007ffceba26000 	C:\WINDOWS\System32\win32u.dll
0x00007ffccde90000 - 0x00007ffcce11e000 	C:\WINDOWS\WinSxS\amd64_microsoft.windows.common-controls_6595b64144ccf1df_6.0.22621.1635_none_270f70857386168e\COMCTL32.dll
0x00007ffced6a0000 - 0x00007ffced6c9000 	C:\WINDOWS\System32\GDI32.dll
0x00007ffceb050000 - 0x00007ffceb169000 	C:\WINDOWS\System32\gdi32full.dll
0x00007ffceb5b0000 - 0x00007ffceb64a000 	C:\WINDOWS\System32\msvcp_win.dll
0x00007ffce4360000 - 0x00007ffce436a000 	C:\WINDOWS\SYSTEM32\VERSION.dll
0x00007ffcec1c0000 - 0x00007ffcec1f1000 	C:\WINDOWS\System32\IMM32.DLL
0x00007ffcdab90000 - 0x00007ffcdab9c000 	C:\Program Files\Java\jdk-18.0.1.1\bin\vcruntime140_1.dll
0x00007ffcbdf50000 - 0x00007ffcbdfdd000 	C:\Program Files\Java\jdk-18.0.1.1\bin\msvcp140.dll
0x00007ffc8e540000 - 0x00007ffc8f150000 	C:\Program Files\Java\jdk-18.0.1.1\bin\server\jvm.dll
0x00007ffcebbc0000 - 0x00007ffcebbc8000 	C:\WINDOWS\System32\PSAPI.DLL
0x00007ffce3ef0000 - 0x00007ffce3f24000 	C:\WINDOWS\SYSTEM32\WINMM.dll
0x00007ffcc16d0000 - 0x00007ffcc16d9000 	C:\WINDOWS\SYSTEM32\WSOCK32.dll
0x00007ffced520000 - 0x00007ffced591000 	C:\WINDOWS\System32\WS2_32.dll
0x00007ffcea190000 - 0x00007ffcea1a8000 	C:\WINDOWS\SYSTEM32\kernel.appcore.dll
0x00007ffcda160000 - 0x00007ffcda16a000 	C:\Program Files\Java\jdk-18.0.1.1\bin\jimage.dll
0x00007ffcd8230000 - 0x00007ffcd845e000 	C:\WINDOWS\SYSTEM32\DBGHELP.DLL
0x00007ffcebc60000 - 0x00007ffcebfe9000 	C:\WINDOWS\System32\combase.dll
0x00007ffceba30000 - 0x00007ffcebb07000 	C:\WINDOWS\System32\OLEAUT32.dll
0x00007ffcd0f50000 - 0x00007ffcd0f82000 	C:\WINDOWS\SYSTEM32\dbgcore.DLL
0x00007ffceb170000 - 0x00007ffceb1eb000 	C:\WINDOWS\System32\bcryptPrimitives.dll
0x00007ffcc1310000 - 0x00007ffcc1335000 	C:\Program Files\Java\jdk-18.0.1.1\bin\java.dll
0x00007ffca3580000 - 0x00007ffca3656000 	C:\Program Files\Java\jdk-18.0.1.1\bin\jsvml.dll
0x00007ffcec8b0000 - 0x00007ffced0aa000 	C:\WINDOWS\System32\SHELL32.dll
0x00007ffce9060000 - 0x00007ffce992e000 	C:\WINDOWS\SYSTEM32\windows.storage.dll
0x00007ffce8f20000 - 0x00007ffce905e000 	C:\WINDOWS\SYSTEM32\wintypes.dll
0x00007ffcec680000 - 0x00007ffcec771000 	C:\WINDOWS\System32\SHCORE.dll
0x00007ffcebb10000 - 0x00007ffcebb6e000 	C:\WINDOWS\System32\shlwapi.dll
0x00007ffceaf80000 - 0x00007ffceafa1000 	C:\WINDOWS\SYSTEM32\profapi.dll
0x00007ffcda320000 - 0x00007ffcda333000 	C:\Program Files\Java\jdk-18.0.1.1\bin\net.dll
0x00007ffce3240000 - 0x00007ffce3377000 	C:\WINDOWS\SYSTEM32\WINHTTP.dll
0x00007ffcea600000 - 0x00007ffcea669000 	C:\WINDOWS\system32\mswsock.dll
0x00007ffcd9cb0000 - 0x00007ffcd9cc6000 	C:\Program Files\Java\jdk-18.0.1.1\bin\nio.dll
0x00007ffcd98a0000 - 0x00007ffcd98b8000 	C:\Program Files\Java\jdk-18.0.1.1\bin\zip.dll

dbghelp: loaded successfully - version: 4.0.5 - missing functions: none
symbol engine: initialized successfully - sym options: 0x614 - pdb path: .;C:\Program Files\Java\jdk-18.0.1.1\bin;C:\WINDOWS\SYSTEM32;C:\WINDOWS\WinSxS\amd64_microsoft.windows.common-controls_6595b64144ccf1df_6.0.22621.1635_none_270f70857386168e;C:\Program Files\Java\jdk-18.0.1.1\bin\server

VM Arguments:
java_command: c:\Users\modug\.vscode\extensions\salesforce.salesforce-vscode-slds-1.4.8\lsp-0.0.13-executable.jar --PORT=55431
java_class_path (initial): c:\Users\modug\.vscode\extensions\salesforce.salesforce-vscode-slds-1.4.8\lsp-0.0.13-executable.jar
Launcher Type: SUN_STANDARD

[Global flags]
     intx CICompilerCount                          = 4                                         {product} {ergonomic}
     uint ConcGCThreads                            = 3                                         {product} {ergonomic}
     uint G1ConcRefinementThreads                  = 10                                        {product} {ergonomic}
   size_t G1HeapRegionSize                         = 1048576                                   {product} {ergonomic}
    uintx GCDrainStackTargetSize                   = 64                                        {product} {ergonomic}
   size_t InitialHeapSize                          = 132120576                                 {product} {ergonomic}
   size_t MarkStackSize                            = 4194304                                   {product} {ergonomic}
   size_t MaxHeapSize                              = 2101346304                                {product} {ergonomic}
   size_t MaxNewSize                               = 1260388352                                {product} {ergonomic}
   size_t MinHeapDeltaBytes                        = 1048576                                   {product} {ergonomic}
   size_t MinHeapSize                              = 8388608                                   {product} {ergonomic}
    uintx NonNMethodCodeHeapSize                   = 5839372                                {pd product} {ergonomic}
    uintx NonProfiledCodeHeapSize                  = 122909434                              {pd product} {ergonomic}
    uintx ProfiledCodeHeapSize                     = 122909434                              {pd product} {ergonomic}
    uintx ReservedCodeCacheSize                    = 251658240                              {pd product} {ergonomic}
     bool SegmentedCodeCache                       = true                                      {product} {ergonomic}
   size_t SoftMaxHeapSize                          = 2101346304                             {manageable} {ergonomic}
     bool UseCompressedClassPointers               = true                           {product lp64_product} {ergonomic}
     bool UseCompressedOops                        = true                           {product lp64_product} {ergonomic}
     bool UseG1GC                                  = true                                      {product} {ergonomic}
     bool UseLargePagesIndividualAllocation        = false                                  {pd product} {ergonomic}

Logging:
Log output configuration:
 #0: stdout all=warning uptime,level,tags foldmultilines=false
 #1: stderr all=off uptime,level,tags foldmultilines=false

Environment Variables:
JAVA_HOME=C:\Program Files\Java\jdk-18.0.1.1
CLASSPATH=C:\Program Files\Java\jdk-18.0.1.1\lib\*.jar
PATH=C:\Program Files\Common Files\Oracle\Java\javapath;C:\Windows\system32;C:\Windows;C:\Windows\System32\Wbem;C:\Windows\System32\WindowsPowerShell\v1.0\;C:\Windows\System32\OpenSSH\;C:\Program Files (x86)\NVIDIA Corporation\PhysX\Common;C:\Program Files\NVIDIA Corporation\NVIDIA NvDLISR;C:\Program Files\CodeBlocks\MinGW\bin;C:\WINDOWS\system32;C:\WINDOWS;C:\WINDOWS\System32\Wbem;C:\WINDOWS\System32\WindowsPowerShell\v1.0\;C:\WINDOWS\System32\OpenSSH\;C:\Program Files\MySQL\MySQL Server 8.0\bin;C:\Program Files\Java\jdk-18.0.1.1\bin;C:\Program Files\Git\cmd;C:\Program Files\dotnet\;C:\Program Files\nodejs\;C:\Program Files\Microsoft SQL Server\150\Tools\Binn\;C:\Program Files\Microsoft SQL Server\Client SDK\ODBC\170\Tools\Binn\;C:\Program Files\PuTTY\;C:\WINDOWS\system32;C:\WINDOWS;C:\WINDOWS\System32\Wbem;C:\WINDOWS\System32\WindowsPowerShell\v1.0\;C:\WINDOWS\System32\OpenSSH\;C:\Program Files\sfdx\bin;C:\Program Files\MySQL\MySQL Shell 8.0\bin\;C:\Users\modug\anaconda3;C:\Users\modug\anaconda3\Library\mingw-w64\bin;C:\Users\modug\anaconda3\Library\usr\bin;C:\Users\modug\anaconda3\Library\bin;C:\Users\modug\anaconda3\Scripts;C:\Users\modug\AppData\Local\Programs\Python\Python39\Scripts\;C:\Users\modug\AppData\Local\Programs\Python\Python39\;C:\Users\modug\AppData\Local\Microsoft\WindowsApps;C:\Users\modug\AppData\Local\Programs\Microsoft VS Code\bin;C:\Program Files\Java\jdk-18.0.1.1\bin;C:\Program Files\CMake\bin;C:\Users\modug\.dotnet\tools;C:\Users\modug\AppData\Roaming\npm;
USERNAME=modug
OS=Windows_NT
PROCESSOR_IDENTIFIER=Intel64 Family 6 Model 165 Stepping 2, GenuineIntel



---------------  S Y S T E M  ---------------

OS:
 Windows 11 , 64 bit Build 22621 (10.0.22621.1778)
OS uptime: 1 days 17:59 hours

CPU: total 12 (initial active 12) (6 cores per cpu, 2 threads per core) family 6 model 165 stepping 2 microcode 0xe2, cx8, cmov, fxsr, ht, mmx, 3dnowpref, sse, sse2, sse3, ssse3, sse4.1, sse4.2, popcnt, lzcnt, tsc, tscinvbit, avx, avx2, aes, erms, clmul, bmi1, bmi2, adx, fma, vzeroupper, clflush, clflushopt

Memory: 4k page, system-wide physical 8013M (1141M free)
TotalPageFile size 9910M (AvailPageFile size 4M)
current process WorkingSet (physical memory assigned to process): 35M, peak: 35M
current process commit charge ("private bytes"): 213M, peak: 213M

vm_info: Java HotSpot(TM) 64-Bit Server VM (18.0.1.1+2-6) for windows-amd64 JRE (18.0.1.1+2-6), built on Apr 25 2022 21:53:15 by "mach5one" with MS VC++ 16.8 / 16.9 (VS2019)

END.
